15:55:22 HOME_IOT SIMULATOR STARTING
15:55:22 WORKER 0 READY
15:55:22 WORKER 1 READY
15:55:22 PROCESS ALERTS_WATCHER CREATED
15:55:22 THREAD SENSOR_READER CREATED
15:55:22 THREAD CONSOLE_READER CREATED
15:55:22 THREAD DISPATCHER CREATED
15:55:49 DISPATCHER: HOUSETEMP DATA (FROM SENS1 SENSOR) SENT FOR PROCESSING ON WORKER 1
15:55:49 WORKER 1: HOUSETEMP DATA PROCESSING COMPLETED
15:55:52 DISPATCHER: HOUSETEMP DATA (FROM SENS1 SENSOR) SENT FOR PROCESSING ON WORKER 0
15:55:52 WORKER 0: HOUSETEMP DATA PROCESSING COMPLETED
15:55:55 DISPATCHER: HOUSETEMP DATA (FROM SENS1 SENSOR) SENT FOR PROCESSING ON WORKER 1
15:55:55 WORKER 1: HOUSETEMP DATA PROCESSING COMPLETED
15:55:58 DISPATCHER: HOUSETEMP DATA (FROM SENS1 SENSOR) SENT FOR PROCESSING ON WORKER 1
15:55:58 WORKER 1: HOUSETEMP DATA PROCESSING COMPLETED
15:56:01 DISPATCHER: HOUSETEMP DATA (FROM SENS1 SENSOR) SENT FOR PROCESSING ON WORKER 1
15:56:01 WORKER 1: HOUSETEMP DATA PROCESSING COMPLETED
15:56:04 DISPATCHER: HOUSETEMP DATA (FROM SENS1 SENSOR) SENT FOR PROCESSING ON WORKER 1
15:56:04 WORKER 1: HOUSETEMP DATA PROCESSING COMPLETED
15:56:07 DISPATCHER: HOUSETEMP DATA (FROM SENS1 SENSOR) SENT FOR PROCESSING ON WORKER 0
15:56:07 WORKER 0: HOUSETEMP DATA PROCESSING COMPLETED
15:56:10 DISPATCHER: HOUSETEMP DATA (FROM SENS1 SENSOR) SENT FOR PROCESSING ON WORKER 0
15:56:10 WORKER 0: HOUSETEMP DATA PROCESSING COMPLETED
15:56:13 DISPATCHER: HOUSETEMP DATA (FROM SENS1 SENSOR) SENT FOR PROCESSING ON WORKER 1
15:56:13 WORKER 1: HOUSETEMP DATA PROCESSING COMPLETED
15:56:14 DISPATCHER: ADD_ALERT AL1 HOUSETEMP 10 20 1 SENT FOR PROCESSING ON WORKER 1
15:56:14 WORKER 1: add_alert AL1 HOUSETEMP 10 20 1 PROCESSING COMPLETED
15:56:16 DISPATCHER: HOUSETEMP DATA (FROM SENS1 SENSOR) SENT FOR PROCESSING ON WORKER 0
15:56:16 WORKER 0: HOUSETEMP DATA PROCESSING COMPLETED
15:56:16 ALERT AL1 (HOUSETEMP 10 TO 20) TRIGGERED WITH VALUE 69
15:56:19 DISPATCHER: HOUSETEMP DATA (FROM SENS1 SENSOR) SENT FOR PROCESSING ON WORKER 1
15:56:19 WORKER 1: HOUSETEMP DATA PROCESSING COMPLETED
15:56:22 DISPATCHER: HOUSETEMP DATA (FROM SENS1 SENSOR) SENT FOR PROCESSING ON WORKER 0
15:56:22 WORKER 0: HOUSETEMP DATA PROCESSING COMPLETED
15:56:22 ALERT AL1 (HOUSETEMP 10 TO 20) TRIGGERED WITH VALUE 78
15:56:25 DISPATCHER: HOUSETEMP DATA (FROM SENS1 SENSOR) SENT FOR PROCESSING ON WORKER 1
15:56:25 WORKER 1: HOUSETEMP DATA PROCESSING COMPLETED
15:56:25 ALERT AL1 (HOUSETEMP 10 TO 20) TRIGGERED WITH VALUE 23
15:56:26 SIGNAL SIGINT RECEIVED
15:56:26 HOME_IOT SIMULATOR WAITING FOR LAST TASKS TO FINISH
15:56:26 HOME_IOT SIMULATOR CLOSING
